build/app/intermediates/manifest_merge_blame_file/debug/manifest-merger-blame-debug-report.txt
1<?xml version="1.0" encoding="utf-8"?>
2<manifest xmlns:android="http://schemas.android.com/apk/res/android"
3    package="de.frapods.frapods.frapods"
4    android:versionCode="1"
5    android:versionName="1.0.0" >
6
7    <uses-sdk
8        android:minSdkVersion="23"
9        android:targetSdkVersion="30" />
10    <!--
11         Flutter needs it to communicate with the running application
12         to allow setting breakpoints, to provide hot reload, etc.
13    -->
14    <uses-permission android:name="android.permission.INTERNET" />
14-->src\main\AndroidManifest.xml:47:5-66
14-->src\main\AndroidManifest.xml:47:22-64
15    <uses-permission android:name="android.permission.WAKE_LOCK" />
15-->src\main\AndroidManifest.xml:45:5-67
15-->src\main\AndroidManifest.xml:45:22-65
16    <uses-permission android:name="android.permission.FOREGROUND_SERVICE" />
16-->src\main\AndroidManifest.xml:46:5-76
16-->src\main\AndroidManifest.xml:46:22-74
17    <uses-permission android:name="android.permission.VIBRATE" />
17-->[:assets_audio_player] AndroidManifest.xml:8:5-66
17-->[:assets_audio_player] AndroidManifest.xml:8:22-63
18    <uses-permission android:name="android.permission.ACCESS_NETWORK_STATE" />
18-->[com.google.android.exoplayer:exoplayer-core:2.15.0] AndroidManifest.xml:24:5-79
18-->[com.google.android.exoplayer:exoplayer-core:2.15.0] AndroidManifest.xml:24:22-76
19
20    <queries>
20-->[androidx.media2:media2-session:1.1.3] AndroidManifest.xml:24:5-34:15
21        <intent>
21-->[androidx.media2:media2-session:1.1.3] AndroidManifest.xml:25:9-27:18
22            <action android:name="android.media.browse.MediaBrowserService" />
22-->[androidx.media2:media2-session:1.1.3] AndroidManifest.xml:26:13-79
22-->[androidx.media2:media2-session:1.1.3] AndroidManifest.xml:26:21-76
23        </intent>
24        <intent>
24-->[androidx.media2:media2-session:1.1.3] AndroidManifest.xml:28:9-30:18
25            <action android:name="androidx.media2.session.MediaSessionService" />
25-->[androidx.media2:media2-session:1.1.3] AndroidManifest.xml:29:13-82
25-->[androidx.media2:media2-session:1.1.3] AndroidManifest.xml:29:21-79
26        </intent>
27        <intent>
27-->[androidx.media2:media2-session:1.1.3] AndroidManifest.xml:31:9-33:18
28            <action android:name="androidx.media2.session.MediaLibraryService" />
28-->[androidx.media2:media2-session:1.1.3] AndroidManifest.xml:32:13-82
28-->[androidx.media2:media2-session:1.1.3] AndroidManifest.xml:32:21-79
29        </intent>
30    </queries>
31
32    <application
32-->src\main\AndroidManifest.xml:3:4-44:18
33        android:appComponentFactory="androidx.core.app.CoreComponentFactory"
33-->[androidx.core:core:1.6.0] AndroidManifest.xml:24:18-86
34        android:debuggable="true"
35        android:extractNativeLibs="false"
36        android:icon="@mipmap/ic_launcher"
36-->src\main\AndroidManifest.xml:5:9-43
37        android:label="frapods" >
37-->src\main\AndroidManifest.xml:4:9-32
38        <activity
38-->src\main\AndroidManifest.xml:7:9-35:20
39            android:name="de.frapods.frapods.frapods.MainActivity"
39-->src\main\AndroidManifest.xml:8:13-41
40            android:configChanges="orientation|keyboardHidden|keyboard|screenSize|smallestScreenSize|locale|layoutDirection|fontScale|screenLayout|density|uiMode"
40-->src\main\AndroidManifest.xml:11:13-163
41            android:hardwareAccelerated="true"
41-->src\main\AndroidManifest.xml:12:13-47
42            android:launchMode="singleTop"
42-->src\main\AndroidManifest.xml:9:13-43
43            android:theme="@style/LaunchTheme"
43-->src\main\AndroidManifest.xml:10:13-47
44            android:windowSoftInputMode="adjustResize" >
44-->src\main\AndroidManifest.xml:13:13-55
45
46            <!--
47                 Specifies an Android theme to apply to this Activity as soon as
48                 the Android process has started. This theme is visible to the user
49                 while the Flutter UI initializes. After that, this theme continues
50                 to determine the Window background behind the Flutter UI.
51            -->
52            <meta-data
52-->src\main\AndroidManifest.xml:18:13-21:17
53                android:name="io.flutter.embedding.android.NormalTheme"
53-->src\main\AndroidManifest.xml:19:15-70
54                android:resource="@style/NormalTheme" />
54-->src\main\AndroidManifest.xml:20:15-52
55            <!--
56                 Displays an Android View that continues showing the launch screen
57                 Drawable until Flutter paints its first frame, then this splash
58                 screen fades out. A splash screen is useful to avoid any visual
59                 gap between the end of Android's launch screen and the painting of
60                 Flutter's first frame.
61            -->
62            <meta-data
62-->src\main\AndroidManifest.xml:27:13-30:17
63                android:name="io.flutter.embedding.android.SplashScreenDrawable"
63-->src\main\AndroidManifest.xml:28:15-79
64                android:resource="@drawable/launch_background" />
64-->src\main\AndroidManifest.xml:29:15-61
65
66            <intent-filter>
66-->src\main\AndroidManifest.xml:31:13-34:29
67                <action android:name="android.intent.action.MAIN" />
67-->src\main\AndroidManifest.xml:32:17-68
67-->src\main\AndroidManifest.xml:32:25-66
68
69                <category android:name="android.intent.category.LAUNCHER" />
69-->src\main\AndroidManifest.xml:33:17-76
69-->src\main\AndroidManifest.xml:33:27-74
70            </intent-filter>
71        </activity>
72
73        <!--
74             Don't delete the meta-data below.
75             This is used by the Flutter tool to generate GeneratedPluginRegistrant.java
76        -->
77        <meta-data
77-->src\main\AndroidManifest.xml:40:9-42:33
78            android:name="flutterEmbedding"
78-->src\main\AndroidManifest.xml:41:13-44
79            android:value="2" />
79-->src\main\AndroidManifest.xml:42:13-30
80
81        <receiver
81-->[:assets_audio_player] AndroidManifest.xml:12:9-14:40
82            android:name="com.github.florent37.assets_audio_player.notification.NotificationActionReceiver"
82-->[:assets_audio_player] AndroidManifest.xml:13:13-108
83            android:exported="false" />
83-->[:assets_audio_player] AndroidManifest.xml:14:13-37
84        <receiver
84-->[:assets_audio_player] AndroidManifest.xml:15:9-21:20
85            android:name="com.github.florent37.assets_audio_player.notification.CustomMediaButtonReceiver"
85-->[:assets_audio_player] AndroidManifest.xml:16:13-107
86            android:exported="false" >
86-->[:assets_audio_player] AndroidManifest.xml:17:13-37
87            <intent-filter>
87-->[:assets_audio_player] AndroidManifest.xml:18:13-20:29
88                <action android:name="android.intent.action.MEDIA_BUTTON" />
88-->[:assets_audio_player] AndroidManifest.xml:19:17-77
88-->[:assets_audio_player] AndroidManifest.xml:19:25-74
89            </intent-filter>
90        </receiver>
91
92        <service
92-->[:assets_audio_player] AndroidManifest.xml:23:9-33:19
93            android:name="com.github.florent37.assets_audio_player.notification.NotificationService"
93-->[:assets_audio_player] AndroidManifest.xml:24:13-101
94            android:enabled="true"
94-->[:assets_audio_player] AndroidManifest.xml:25:13-35
95            android:exported="true" >
95-->[:assets_audio_player] AndroidManifest.xml:26:13-36
96
97            <!--
98            <intent-filter>
99                <action android:name="android.intent.action.MEDIA_BUTTON" />
100            </intent-filter>
101            -->
102        </service>
103    </application>
104
105</manifest>